{
  "/home/alyssa/Testez-Une-application-fullstack/front/src/polyfills.ts": {
    "path": "/home/alyssa/Testez-Une-application-fullstack/front/src/polyfills.ts",
    "statementMap": {},
    "fnMap": {},
    "branchMap": {},
    "s": {},
    "f": {},
    "b": {},
    "inputSourceMap": {
      "version": 3,
      "names": [],
      "sources": [
        "/home/alyssa/Testez-Une-application-fullstack/front/src/polyfills.ts"
      ],
      "sourcesContent": [
        "/**\n * This file includes polyfills needed by Angular and is loaded before the app.\n * You can add your own extra polyfills to this file.\n *\n * This file is divided into 2 sections:\n *   1. Browser polyfills. These are applied before loading ZoneJS and are sorted by browsers.\n *   2. Application imports. Files imported after ZoneJS that should be loaded before your main\n *      file.\n *\n * The current setup is for so-called \"evergreen\" browsers; the last versions of browsers that\n * automatically update themselves. This includes recent versions of Safari, Chrome (including\n * Opera), Edge on the desktop, and iOS and Chrome on mobile.\n *\n * Learn more in https://angular.io/guide/browser-support\n */\n\n/***************************************************************************************************\n * BROWSER POLYFILLS\n */\n\n/**\n * By default, zone.js will patch all possible macroTask and DomEvents\n * user can disable parts of macroTask/DomEvents patch by setting following flags\n * because those flags need to be set before `zone.js` being loaded, and webpack\n * will put import in the top of bundle, so user need to create a separate file\n * in this directory (for example: zone-flags.ts), and put the following flags\n * into that file, and then add the following code before importing zone.js.\n * import './zone-flags';\n *\n * The flags allowed in zone-flags.ts are listed here.\n *\n * The following flags will work for all browsers.\n *\n * (window as any).__Zone_disable_requestAnimationFrame = true; // disable patch requestAnimationFrame\n * (window as any).__Zone_disable_on_property = true; // disable patch onProperty such as onclick\n * (window as any).__zone_symbol__UNPATCHED_EVENTS = ['scroll', 'mousemove']; // disable patch specified eventNames\n *\n *  in IE/Edge developer tools, the addEventListener will also be wrapped by zone.js\n *  with the following flag, it will bypass `zone.js` patch for IE/Edge\n *\n *  (window as any).__Zone_enable_cross_context_check = true;\n *\n */\n\n/***************************************************************************************************\n * Zone JS is required by default for Angular itself.\n */\nimport 'zone.js';  // Included with Angular CLI.\n\n\n/***************************************************************************************************\n * APPLICATION IMPORTS\n */\n"
      ],
      "mappings": "AAAA;;;;;;;;;;;;;;;AAgBA;;;AAIA;;;;;;;;;;;;;;;;;;;;;;;AAwBA;;;AAGA,OAAO,SAAS,CAAC,CAAE;AAGnB",
      "ignoreList": []
    },
    "_coverageSchema": "1a1c01bbd47fc00a2c39e90264f33305004495a9",
    "hash": "0b7e5e65896584bd0f21af4ee2d537a84e55adf2"
  },
  "/home/alyssa/Testez-Une-application-fullstack/front/src/app/services/session.service.ts": {
    "path": "/home/alyssa/Testez-Une-application-fullstack/front/src/app/services/session.service.ts",
    "statementMap": {
      "0": {
        "start": {
          "line": 3,
          "column": 41
        },
        "end": {
          "line": 39,
          "column": 4
        }
      },
      "1": {
        "start": {
          "line": 6,
          "column": 6
        },
        "end": {
          "line": 6,
          "column": 28
        }
      },
      "2": {
        "start": {
          "line": 7,
          "column": 6
        },
        "end": {
          "line": 7,
          "column": 64
        }
      },
      "3": {
        "start": {
          "line": 10,
          "column": 6
        },
        "end": {
          "line": 10,
          "column": 49
        }
      },
      "4": {
        "start": {
          "line": 13,
          "column": 6
        },
        "end": {
          "line": 13,
          "column": 37
        }
      },
      "5": {
        "start": {
          "line": 14,
          "column": 6
        },
        "end": {
          "line": 14,
          "column": 27
        }
      },
      "6": {
        "start": {
          "line": 15,
          "column": 6
        },
        "end": {
          "line": 15,
          "column": 18
        }
      },
      "7": {
        "start": {
          "line": 18,
          "column": 6
        },
        "end": {
          "line": 18,
          "column": 42
        }
      },
      "8": {
        "start": {
          "line": 19,
          "column": 6
        },
        "end": {
          "line": 19,
          "column": 28
        }
      },
      "9": {
        "start": {
          "line": 20,
          "column": 6
        },
        "end": {
          "line": 20,
          "column": 18
        }
      },
      "10": {
        "start": {
          "line": 23,
          "column": 6
        },
        "end": {
          "line": 23,
          "column": 47
        }
      },
      "11": {
        "start": {
          "line": 26,
          "column": 6
        },
        "end": {
          "line": 28,
          "column": 8
        }
      },
      "12": {
        "start": {
          "line": 27,
          "column": 8
        },
        "end": {
          "line": 27,
          "column": 59
        }
      },
      "13": {
        "start": {
          "line": 31,
          "column": 6
        },
        "end": {
          "line": 35,
          "column": 9
        }
      },
      "14": {
        "start": {
          "line": 38,
          "column": 2
        },
        "end": {
          "line": 38,
          "column": 24
        }
      }
    },
    "fnMap": {
      "0": {
        "name": "(anonymous_0)",
        "decl": {
          "start": {
            "line": 3,
            "column": 42
          },
          "end": {
            "line": 3,
            "column": 43
          }
        },
        "loc": {
          "start": {
            "line": 3,
            "column": 48
          },
          "end": {
            "line": 39,
            "column": 1
          }
        },
        "line": 3
      },
      "1": {
        "name": "(anonymous_1)",
        "decl": {
          "start": {
            "line": 5,
            "column": 4
          },
          "end": {
            "line": 5,
            "column": 5
          }
        },
        "loc": {
          "start": {
            "line": 5,
            "column": 18
          },
          "end": {
            "line": 8,
            "column": 5
          }
        },
        "line": 5
      },
      "2": {
        "name": "(anonymous_2)",
        "decl": {
          "start": {
            "line": 9,
            "column": 4
          },
          "end": {
            "line": 9,
            "column": 5
          }
        },
        "loc": {
          "start": {
            "line": 9,
            "column": 16
          },
          "end": {
            "line": 11,
            "column": 5
          }
        },
        "line": 9
      },
      "3": {
        "name": "(anonymous_3)",
        "decl": {
          "start": {
            "line": 12,
            "column": 4
          },
          "end": {
            "line": 12,
            "column": 5
          }
        },
        "loc": {
          "start": {
            "line": 12,
            "column": 16
          },
          "end": {
            "line": 16,
            "column": 5
          }
        },
        "line": 12
      },
      "4": {
        "name": "(anonymous_4)",
        "decl": {
          "start": {
            "line": 17,
            "column": 4
          },
          "end": {
            "line": 17,
            "column": 5
          }
        },
        "loc": {
          "start": {
            "line": 17,
            "column": 13
          },
          "end": {
            "line": 21,
            "column": 5
          }
        },
        "line": 17
      },
      "5": {
        "name": "(anonymous_5)",
        "decl": {
          "start": {
            "line": 22,
            "column": 4
          },
          "end": {
            "line": 22,
            "column": 5
          }
        },
        "loc": {
          "start": {
            "line": 22,
            "column": 11
          },
          "end": {
            "line": 24,
            "column": 5
          }
        },
        "line": 22
      },
      "6": {
        "name": "SessionService_Factory",
        "decl": {
          "start": {
            "line": 26,
            "column": 27
          },
          "end": {
            "line": 26,
            "column": 49
          }
        },
        "loc": {
          "start": {
            "line": 26,
            "column": 69
          },
          "end": {
            "line": 28,
            "column": 7
          }
        },
        "line": 26
      }
    },
    "branchMap": {
      "0": {
        "loc": {
          "start": {
            "line": 27,
            "column": 20
          },
          "end": {
            "line": 27,
            "column": 55
          }
        },
        "type": "binary-expr",
        "locations": [
          {
            "start": {
              "line": 27,
              "column": 20
            },
            "end": {
              "line": 27,
              "column": 37
            }
          },
          {
            "start": {
              "line": 27,
              "column": 41
            },
            "end": {
              "line": 27,
              "column": 55
            }
          }
        ],
        "line": 27
      }
    },
    "s": {
      "0": 1,
      "1": 1,
      "2": 1,
      "3": 7,
      "4": 0,
      "5": 0,
      "6": 0,
      "7": 0,
      "8": 0,
      "9": 0,
      "10": 0,
      "11": 1,
      "12": 1,
      "13": 1,
      "14": 1
    },
    "f": {
      "0": 1,
      "1": 1,
      "2": 7,
      "3": 0,
      "4": 0,
      "5": 0,
      "6": 1
    },
    "b": {
      "0": [
        1,
        1
      ]
    },
    "inputSourceMap": {
      "version": 3,
      "names": [
        "BehaviorSubject",
        "SessionService",
        "constructor",
        "isLogged",
        "isLoggedSubject",
        "$isLogged",
        "asObservable",
        "logIn",
        "user",
        "sessionInformation",
        "next",
        "logOut",
        "undefined",
        "factory",
        "ɵfac",
        "providedIn"
      ],
      "sources": [
        "/home/alyssa/Testez-Une-application-fullstack/front/src/app/services/session.service.ts"
      ],
      "sourcesContent": [
        "import { Injectable } from '@angular/core';\nimport { BehaviorSubject, Observable } from 'rxjs';\nimport { SessionInformation } from '../interfaces/sessionInformation.interface';\n\n@Injectable({\n  providedIn: 'root'\n})\nexport class SessionService {\n\n  public isLogged = false;\n  public sessionInformation: SessionInformation | undefined;\n\n  private isLoggedSubject = new BehaviorSubject<boolean>(this.isLogged);\n\n  public $isLogged(): Observable<boolean> {\n    return this.isLoggedSubject.asObservable();\n  }\n\n  public logIn(user: SessionInformation): void {\n    this.sessionInformation = user;\n    this.isLogged = true;\n    this.next();\n  }\n\n  public logOut(): void {\n    this.sessionInformation = undefined;\n    this.isLogged = false;\n    this.next();\n  }\n\n  private next(): void {\n    this.isLoggedSubject.next(this.isLogged);\n  }\n}\n"
      ],
      "mappings": "AACA,SAASA,eAAe,QAAoB,MAAM;;AAMlD,WAAaC,cAAc;EAArB,MAAOA,cAAc;IAH3BC,YAAA;MAKS,KAAAC,QAAQ,GAAG,KAAK;MAGf,KAAAC,eAAe,GAAG,IAAIJ,eAAe,CAAU,IAAI,CAACG,QAAQ,CAAC;;IAE9DE,SAASA,CAAA;MACd,OAAO,IAAI,CAACD,eAAe,CAACE,YAAY,EAAE;IAC5C;IAEOC,KAAKA,CAACC,IAAwB;MACnC,IAAI,CAACC,kBAAkB,GAAGD,IAAI;MAC9B,IAAI,CAACL,QAAQ,GAAG,IAAI;MACpB,IAAI,CAACO,IAAI,EAAE;IACb;IAEOC,MAAMA,CAAA;MACX,IAAI,CAACF,kBAAkB,GAAGG,SAAS;MACnC,IAAI,CAACT,QAAQ,GAAG,KAAK;MACrB,IAAI,CAACO,IAAI,EAAE;IACb;IAEQA,IAAIA,CAAA;MACV,IAAI,CAACN,eAAe,CAACM,IAAI,CAAC,IAAI,CAACP,QAAQ,CAAC;IAC1C;;;yCAzBWF,cAAc;MAAA;IAAA;;;eAAdA,cAAc;QAAAY,OAAA,EAAdZ,cAAc,CAAAa,IAAA;QAAAC,UAAA,EAFb;MAAM;IAAA;;SAEPd,cAAc;AAAA",
      "ignoreList": []
    },
    "_coverageSchema": "1a1c01bbd47fc00a2c39e90264f33305004495a9",
    "hash": "31ef8214d282b91011625412b972aea57af12434"
  },
  "/home/alyssa/Testez-Une-application-fullstack/front/src/app/services/user.service.ts": {
    "path": "/home/alyssa/Testez-Une-application-fullstack/front/src/app/services/user.service.ts",
    "statementMap": {
      "0": {
        "start": {
          "line": 3,
          "column": 38
        },
        "end": {
          "line": 29,
          "column": 4
        }
      },
      "1": {
        "start": {
          "line": 6,
          "column": 6
        },
        "end": {
          "line": 6,
          "column": 35
        }
      },
      "2": {
        "start": {
          "line": 7,
          "column": 6
        },
        "end": {
          "line": 7,
          "column": 36
        }
      },
      "3": {
        "start": {
          "line": 10,
          "column": 6
        },
        "end": {
          "line": 10,
          "column": 62
        }
      },
      "4": {
        "start": {
          "line": 13,
          "column": 6
        },
        "end": {
          "line": 13,
          "column": 65
        }
      },
      "5": {
        "start": {
          "line": 16,
          "column": 6
        },
        "end": {
          "line": 18,
          "column": 8
        }
      },
      "6": {
        "start": {
          "line": 17,
          "column": 8
        },
        "end": {
          "line": 17,
          "column": 82
        }
      },
      "7": {
        "start": {
          "line": 21,
          "column": 6
        },
        "end": {
          "line": 25,
          "column": 9
        }
      },
      "8": {
        "start": {
          "line": 28,
          "column": 2
        },
        "end": {
          "line": 28,
          "column": 21
        }
      }
    },
    "fnMap": {
      "0": {
        "name": "(anonymous_0)",
        "decl": {
          "start": {
            "line": 3,
            "column": 39
          },
          "end": {
            "line": 3,
            "column": 40
          }
        },
        "loc": {
          "start": {
            "line": 3,
            "column": 45
          },
          "end": {
            "line": 29,
            "column": 1
          }
        },
        "line": 3
      },
      "1": {
        "name": "(anonymous_1)",
        "decl": {
          "start": {
            "line": 5,
            "column": 4
          },
          "end": {
            "line": 5,
            "column": 5
          }
        },
        "loc": {
          "start": {
            "line": 5,
            "column": 28
          },
          "end": {
            "line": 8,
            "column": 5
          }
        },
        "line": 5
      },
      "2": {
        "name": "(anonymous_2)",
        "decl": {
          "start": {
            "line": 9,
            "column": 4
          },
          "end": {
            "line": 9,
            "column": 5
          }
        },
        "loc": {
          "start": {
            "line": 9,
            "column": 16
          },
          "end": {
            "line": 11,
            "column": 5
          }
        },
        "line": 9
      },
      "3": {
        "name": "(anonymous_3)",
        "decl": {
          "start": {
            "line": 12,
            "column": 4
          },
          "end": {
            "line": 12,
            "column": 5
          }
        },
        "loc": {
          "start": {
            "line": 12,
            "column": 15
          },
          "end": {
            "line": 14,
            "column": 5
          }
        },
        "line": 12
      },
      "4": {
        "name": "UserService_Factory",
        "decl": {
          "start": {
            "line": 16,
            "column": 27
          },
          "end": {
            "line": 16,
            "column": 46
          }
        },
        "loc": {
          "start": {
            "line": 16,
            "column": 66
          },
          "end": {
            "line": 18,
            "column": 7
          }
        },
        "line": 16
      }
    },
    "branchMap": {
      "0": {
        "loc": {
          "start": {
            "line": 17,
            "column": 20
          },
          "end": {
            "line": 17,
            "column": 52
          }
        },
        "type": "binary-expr",
        "locations": [
          {
            "start": {
              "line": 17,
              "column": 20
            },
            "end": {
              "line": 17,
              "column": 37
            }
          },
          {
            "start": {
              "line": 17,
              "column": 41
            },
            "end": {
              "line": 17,
              "column": 52
            }
          }
        ],
        "line": 17
      }
    },
    "s": {
      "0": 1,
      "1": 0,
      "2": 0,
      "3": 0,
      "4": 0,
      "5": 1,
      "6": 0,
      "7": 1,
      "8": 1
    },
    "f": {
      "0": 1,
      "1": 0,
      "2": 0,
      "3": 0,
      "4": 0
    },
    "b": {
      "0": [
        0,
        0
      ]
    },
    "inputSourceMap": {
      "version": 3,
      "names": [
        "UserService",
        "constructor",
        "httpClient",
        "pathService",
        "getById",
        "id",
        "get",
        "delete",
        "i0",
        "ɵɵinject",
        "i1",
        "HttpClient",
        "factory",
        "ɵfac",
        "providedIn"
      ],
      "sources": [
        "/home/alyssa/Testez-Une-application-fullstack/front/src/app/services/user.service.ts"
      ],
      "sourcesContent": [
        "import { HttpClient } from '@angular/common/http';\nimport { Injectable } from '@angular/core';\nimport { Observable } from 'rxjs';\nimport { User } from '../interfaces/user.interface';\n\n@Injectable({\n  providedIn: 'root'\n})\nexport class UserService {\n\n  private pathService = 'api/user';\n\n  constructor(private httpClient: HttpClient) { }\n\n  public getById(id: string): Observable<User> {\n    return this.httpClient.get<User>(`${this.pathService}/${id}`);\n  }\n\n  public delete(id: string): Observable<any> {\n    return this.httpClient.delete(`${this.pathService}/${id}`);\n  }\n}\n"
      ],
      "mappings": ";;AAQA,WAAaA,WAAW;EAAlB,MAAOA,WAAW;IAItBC,YAAoBC,UAAsB;MAAtB,KAAAA,UAAU,GAAVA,UAAU;MAFtB,KAAAC,WAAW,GAAG,UAAU;IAEc;IAEvCC,OAAOA,CAACC,EAAU;MACvB,OAAO,IAAI,CAACH,UAAU,CAACI,GAAG,CAAO,GAAG,IAAI,CAACH,WAAW,IAAIE,EAAE,EAAE,CAAC;IAC/D;IAEOE,MAAMA,CAACF,EAAU;MACtB,OAAO,IAAI,CAACH,UAAU,CAACK,MAAM,CAAC,GAAG,IAAI,CAACJ,WAAW,IAAIE,EAAE,EAAE,CAAC;IAC5D;;;yCAZWL,WAAW,EAAAQ,EAAA,CAAAC,QAAA,CAAAC,EAAA,CAAAC,UAAA;MAAA;IAAA;;;eAAXX,WAAW;QAAAY,OAAA,EAAXZ,WAAW,CAAAa,IAAA;QAAAC,UAAA,EAFV;MAAM;IAAA;;SAEPd,WAAW;AAAA",
      "ignoreList": []
    },
    "_coverageSchema": "1a1c01bbd47fc00a2c39e90264f33305004495a9",
    "hash": "1777670e8640bef927f2ff27104d4e5fe7a76e0b"
  },
  "/home/alyssa/Testez-Une-application-fullstack/front/src/app/components/me/me.component.ts": {
    "path": "/home/alyssa/Testez-Une-application-fullstack/front/src/app/components/me/me.component.ts",
    "statementMap": {
      "0": {
        "start": {
          "line": 11,
          "column": 2
        },
        "end": {
          "line": 15,
          "column": 3
        }
      },
      "1": {
        "start": {
          "line": 12,
          "column": 4
        },
        "end": {
          "line": 12,
          "column": 33
        }
      },
      "2": {
        "start": {
          "line": 13,
          "column": 4
        },
        "end": {
          "line": 13,
          "column": 34
        }
      },
      "3": {
        "start": {
          "line": 14,
          "column": 4
        },
        "end": {
          "line": 14,
          "column": 22
        }
      },
      "4": {
        "start": {
          "line": 18,
          "column": 2
        },
        "end": {
          "line": 35,
          "column": 3
        }
      },
      "5": {
        "start": {
          "line": 19,
          "column": 16
        },
        "end": {
          "line": 19,
          "column": 37
        }
      },
      "6": {
        "start": {
          "line": 20,
          "column": 4
        },
        "end": {
          "line": 20,
          "column": 43
        }
      },
      "7": {
        "start": {
          "line": 21,
          "column": 4
        },
        "end": {
          "line": 21,
          "column": 39
        }
      },
      "8": {
        "start": {
          "line": 22,
          "column": 4
        },
        "end": {
          "line": 22,
          "column": 22
        }
      },
      "9": {
        "start": {
          "line": 23,
          "column": 4
        },
        "end": {
          "line": 23,
          "column": 39
        }
      },
      "10": {
        "start": {
          "line": 24,
          "column": 4
        },
        "end": {
          "line": 28,
          "column": 7
        }
      },
      "11": {
        "start": {
          "line": 25,
          "column": 6
        },
        "end": {
          "line": 25,
          "column": 28
        }
      },
      "12": {
        "start": {
          "line": 26,
          "column": 21
        },
        "end": {
          "line": 26,
          "column": 40
        }
      },
      "13": {
        "start": {
          "line": 27,
          "column": 6
        },
        "end": {
          "line": 27,
          "column": 45
        }
      },
      "14": {
        "start": {
          "line": 29,
          "column": 4
        },
        "end": {
          "line": 29,
          "column": 37
        }
      },
      "15": {
        "start": {
          "line": 30,
          "column": 4
        },
        "end": {
          "line": 30,
          "column": 27
        }
      },
      "16": {
        "start": {
          "line": 31,
          "column": 4
        },
        "end": {
          "line": 31,
          "column": 22
        }
      },
      "17": {
        "start": {
          "line": 32,
          "column": 4
        },
        "end": {
          "line": 32,
          "column": 37
        }
      },
      "18": {
        "start": {
          "line": 33,
          "column": 4
        },
        "end": {
          "line": 33,
          "column": 27
        }
      },
      "19": {
        "start": {
          "line": 34,
          "column": 4
        },
        "end": {
          "line": 34,
          "column": 26
        }
      },
      "20": {
        "start": {
          "line": 38,
          "column": 2
        },
        "end": {
          "line": 59,
          "column": 3
        }
      },
      "21": {
        "start": {
          "line": 39,
          "column": 4
        },
        "end": {
          "line": 39,
          "column": 43
        }
      },
      "22": {
        "start": {
          "line": 40,
          "column": 4
        },
        "end": {
          "line": 40,
          "column": 17
        }
      },
      "23": {
        "start": {
          "line": 41,
          "column": 4
        },
        "end": {
          "line": 41,
          "column": 30
        }
      },
      "24": {
        "start": {
          "line": 42,
          "column": 4
        },
        "end": {
          "line": 42,
          "column": 22
        }
      },
      "25": {
        "start": {
          "line": 43,
          "column": 4
        },
        "end": {
          "line": 43,
          "column": 30
        }
      },
      "26": {
        "start": {
          "line": 44,
          "column": 4
        },
        "end": {
          "line": 44,
          "column": 17
        }
      },
      "27": {
        "start": {
          "line": 45,
          "column": 4
        },
        "end": {
          "line": 45,
          "column": 22
        }
      },
      "28": {
        "start": {
          "line": 46,
          "column": 4
        },
        "end": {
          "line": 46,
          "column": 122
        }
      },
      "29": {
        "start": {
          "line": 47,
          "column": 4
        },
        "end": {
          "line": 47,
          "column": 52
        }
      },
      "30": {
        "start": {
          "line": 48,
          "column": 4
        },
        "end": {
          "line": 48,
          "column": 33
        }
      },
      "31": {
        "start": {
          "line": 49,
          "column": 4
        },
        "end": {
          "line": 49,
          "column": 22
        }
      },
      "32": {
        "start": {
          "line": 50,
          "column": 4
        },
        "end": {
          "line": 50,
          "column": 18
        }
      },
      "33": {
        "start": {
          "line": 51,
          "column": 4
        },
        "end": {
          "line": 51,
          "column": 26
        }
      },
      "34": {
        "start": {
          "line": 52,
          "column": 4
        },
        "end": {
          "line": 52,
          "column": 22
        }
      },
      "35": {
        "start": {
          "line": 53,
          "column": 4
        },
        "end": {
          "line": 53,
          "column": 40
        }
      },
      "36": {
        "start": {
          "line": 54,
          "column": 4
        },
        "end": {
          "line": 54,
          "column": 35
        }
      },
      "37": {
        "start": {
          "line": 55,
          "column": 4
        },
        "end": {
          "line": 55,
          "column": 22
        }
      },
      "38": {
        "start": {
          "line": 56,
          "column": 4
        },
        "end": {
          "line": 56,
          "column": 18
        }
      },
      "39": {
        "start": {
          "line": 57,
          "column": 4
        },
        "end": {
          "line": 57,
          "column": 26
        }
      },
      "40": {
        "start": {
          "line": 58,
          "column": 4
        },
        "end": {
          "line": 58,
          "column": 26
        }
      },
      "41": {
        "start": {
          "line": 60,
          "column": 2
        },
        "end": {
          "line": 74,
          "column": 3
        }
      },
      "42": {
        "start": {
          "line": 61,
          "column": 19
        },
        "end": {
          "line": 61,
          "column": 37
        }
      },
      "43": {
        "start": {
          "line": 62,
          "column": 4
        },
        "end": {
          "line": 62,
          "column": 20
        }
      },
      "44": {
        "start": {
          "line": 63,
          "column": 4
        },
        "end": {
          "line": 63,
          "column": 112
        }
      },
      "45": {
        "start": {
          "line": 64,
          "column": 4
        },
        "end": {
          "line": 64,
          "column": 20
        }
      },
      "46": {
        "start": {
          "line": 65,
          "column": 4
        },
        "end": {
          "line": 65,
          "column": 60
        }
      },
      "47": {
        "start": {
          "line": 66,
          "column": 4
        },
        "end": {
          "line": 66,
          "column": 19
        }
      },
      "48": {
        "start": {
          "line": 67,
          "column": 4
        },
        "end": {
          "line": 67,
          "column": 45
        }
      },
      "49": {
        "start": {
          "line": 68,
          "column": 4
        },
        "end": {
          "line": 68,
          "column": 19
        }
      },
      "50": {
        "start": {
          "line": 69,
          "column": 4
        },
        "end": {
          "line": 69,
          "column": 46
        }
      },
      "51": {
        "start": {
          "line": 70,
          "column": 4
        },
        "end": {
          "line": 70,
          "column": 20
        }
      },
      "52": {
        "start": {
          "line": 71,
          "column": 4
        },
        "end": {
          "line": 71,
          "column": 93
        }
      },
      "53": {
        "start": {
          "line": 72,
          "column": 4
        },
        "end": {
          "line": 72,
          "column": 20
        }
      },
      "54": {
        "start": {
          "line": 73,
          "column": 4
        },
        "end": {
          "line": 73,
          "column": 94
        }
      },
      "55": {
        "start": {
          "line": 76,
          "column": 38
        },
        "end": {
          "line": 139,
          "column": 4
        }
      },
      "56": {
        "start": {
          "line": 79,
          "column": 6
        },
        "end": {
          "line": 79,
          "column": 27
        }
      },
      "57": {
        "start": {
          "line": 80,
          "column": 6
        },
        "end": {
          "line": 80,
          "column": 43
        }
      },
      "58": {
        "start": {
          "line": 81,
          "column": 6
        },
        "end": {
          "line": 81,
          "column": 37
        }
      },
      "59": {
        "start": {
          "line": 82,
          "column": 6
        },
        "end": {
          "line": 82,
          "column": 37
        }
      },
      "60": {
        "start": {
          "line": 85,
          "column": 6
        },
        "end": {
          "line": 85,
          "column": 121
        }
      },
      "61": {
        "start": {
          "line": 85,
          "column": 103
        },
        "end": {
          "line": 85,
          "column": 119
        }
      },
      "62": {
        "start": {
          "line": 88,
          "column": 6
        },
        "end": {
          "line": 88,
          "column": 28
        }
      },
      "63": {
        "start": {
          "line": 91,
          "column": 6
        },
        "end": {
          "line": 97,
          "column": 9
        }
      },
      "64": {
        "start": {
          "line": 92,
          "column": 8
        },
        "end": {
          "line": 94,
          "column": 11
        }
      },
      "65": {
        "start": {
          "line": 95,
          "column": 8
        },
        "end": {
          "line": 95,
          "column": 37
        }
      },
      "66": {
        "start": {
          "line": 96,
          "column": 8
        },
        "end": {
          "line": 96,
          "column": 36
        }
      },
      "67": {
        "start": {
          "line": 100,
          "column": 6
        },
        "end": {
          "line": 102,
          "column": 8
        }
      },
      "68": {
        "start": {
          "line": 101,
          "column": 8
        },
        "end": {
          "line": 101,
          "column": 204
        }
      },
      "69": {
        "start": {
          "line": 105,
          "column": 6
        },
        "end": {
          "line": 135,
          "column": 9
        }
      },
      "70": {
        "start": {
          "line": 113,
          "column": 10
        },
        "end": {
          "line": 127,
          "column": 11
        }
      },
      "71": {
        "start": {
          "line": 114,
          "column": 12
        },
        "end": {
          "line": 114,
          "column": 108
        }
      },
      "72": {
        "start": {
          "line": 115,
          "column": 12
        },
        "end": {
          "line": 117,
          "column": 15
        }
      },
      "73": {
        "start": {
          "line": 116,
          "column": 14
        },
        "end": {
          "line": 116,
          "column": 32
        }
      },
      "74": {
        "start": {
          "line": 118,
          "column": 12
        },
        "end": {
          "line": 118,
          "column": 45
        }
      },
      "75": {
        "start": {
          "line": 119,
          "column": 12
        },
        "end": {
          "line": 119,
          "column": 39
        }
      },
      "76": {
        "start": {
          "line": 120,
          "column": 12
        },
        "end": {
          "line": 120,
          "column": 32
        }
      },
      "77": {
        "start": {
          "line": 121,
          "column": 12
        },
        "end": {
          "line": 121,
          "column": 39
        }
      },
      "78": {
        "start": {
          "line": 122,
          "column": 12
        },
        "end": {
          "line": 122,
          "column": 45
        }
      },
      "79": {
        "start": {
          "line": 123,
          "column": 12
        },
        "end": {
          "line": 123,
          "column": 34
        }
      },
      "80": {
        "start": {
          "line": 124,
          "column": 12
        },
        "end": {
          "line": 124,
          "column": 53
        }
      },
      "81": {
        "start": {
          "line": 125,
          "column": 12
        },
        "end": {
          "line": 125,
          "column": 77
        }
      },
      "82": {
        "start": {
          "line": 126,
          "column": 12
        },
        "end": {
          "line": 126,
          "column": 34
        }
      },
      "83": {
        "start": {
          "line": 128,
          "column": 10
        },
        "end": {
          "line": 131,
          "column": 11
        }
      },
      "84": {
        "start": {
          "line": 129,
          "column": 12
        },
        "end": {
          "line": 129,
          "column": 29
        }
      },
      "85": {
        "start": {
          "line": 130,
          "column": 12
        },
        "end": {
          "line": 130,
          "column": 44
        }
      },
      "86": {
        "start": {
          "line": 138,
          "column": 2
        },
        "end": {
          "line": 138,
          "column": 21
        }
      }
    },
    "fnMap": {
      "0": {
        "name": "MeComponent_div_10_p_6_Template",
        "decl": {
          "start": {
            "line": 10,
            "column": 9
          },
          "end": {
            "line": 10,
            "column": 40
          }
        },
        "loc": {
          "start": {
            "line": 10,
            "column": 50
          },
          "end": {
            "line": 16,
            "column": 1
          }
        },
        "line": 10
      },
      "1": {
        "name": "MeComponent_div_10_div_7_Template",
        "decl": {
          "start": {
            "line": 17,
            "column": 9
          },
          "end": {
            "line": 17,
            "column": 42
          }
        },
        "loc": {
          "start": {
            "line": 17,
            "column": 52
          },
          "end": {
            "line": 36,
            "column": 1
          }
        },
        "line": 17
      },
      "2": {
        "name": "MeComponent_div_10_div_7_Template_button_click_3_listener",
        "decl": {
          "start": {
            "line": 24,
            "column": 36
          },
          "end": {
            "line": 24,
            "column": 93
          }
        },
        "loc": {
          "start": {
            "line": 24,
            "column": 96
          },
          "end": {
            "line": 28,
            "column": 5
          }
        },
        "line": 24
      },
      "3": {
        "name": "MeComponent_div_10_Template",
        "decl": {
          "start": {
            "line": 37,
            "column": 9
          },
          "end": {
            "line": 37,
            "column": 36
          }
        },
        "loc": {
          "start": {
            "line": 37,
            "column": 46
          },
          "end": {
            "line": 75,
            "column": 1
          }
        },
        "line": 37
      },
      "4": {
        "name": "(anonymous_4)",
        "decl": {
          "start": {
            "line": 76,
            "column": 39
          },
          "end": {
            "line": 76,
            "column": 40
          }
        },
        "loc": {
          "start": {
            "line": 76,
            "column": 45
          },
          "end": {
            "line": 139,
            "column": 1
          }
        },
        "line": 76
      },
      "5": {
        "name": "(anonymous_5)",
        "decl": {
          "start": {
            "line": 78,
            "column": 4
          },
          "end": {
            "line": 78,
            "column": 5
          }
        },
        "loc": {
          "start": {
            "line": 78,
            "column": 66
          },
          "end": {
            "line": 83,
            "column": 5
          }
        },
        "line": 78
      },
      "6": {
        "name": "(anonymous_6)",
        "decl": {
          "start": {
            "line": 84,
            "column": 4
          },
          "end": {
            "line": 84,
            "column": 5
          }
        },
        "loc": {
          "start": {
            "line": 84,
            "column": 15
          },
          "end": {
            "line": 86,
            "column": 5
          }
        },
        "line": 84
      },
      "7": {
        "name": "(anonymous_7)",
        "decl": {
          "start": {
            "line": 85,
            "column": 95
          },
          "end": {
            "line": 85,
            "column": 96
          }
        },
        "loc": {
          "start": {
            "line": 85,
            "column": 103
          },
          "end": {
            "line": 85,
            "column": 119
          }
        },
        "line": 85
      },
      "8": {
        "name": "(anonymous_8)",
        "decl": {
          "start": {
            "line": 87,
            "column": 4
          },
          "end": {
            "line": 87,
            "column": 5
          }
        },
        "loc": {
          "start": {
            "line": 87,
            "column": 11
          },
          "end": {
            "line": 89,
            "column": 5
          }
        },
        "line": 87
      },
      "9": {
        "name": "(anonymous_9)",
        "decl": {
          "start": {
            "line": 90,
            "column": 4
          },
          "end": {
            "line": 90,
            "column": 5
          }
        },
        "loc": {
          "start": {
            "line": 90,
            "column": 13
          },
          "end": {
            "line": 98,
            "column": 5
          }
        },
        "line": 90
      },
      "10": {
        "name": "(anonymous_10)",
        "decl": {
          "start": {
            "line": 91,
            "column": 94
          },
          "end": {
            "line": 91,
            "column": 95
          }
        },
        "loc": {
          "start": {
            "line": 91,
            "column": 99
          },
          "end": {
            "line": 97,
            "column": 7
          }
        },
        "line": 91
      },
      "11": {
        "name": "MeComponent_Factory",
        "decl": {
          "start": {
            "line": 100,
            "column": 27
          },
          "end": {
            "line": 100,
            "column": 46
          }
        },
        "loc": {
          "start": {
            "line": 100,
            "column": 66
          },
          "end": {
            "line": 102,
            "column": 7
          }
        },
        "line": 100
      },
      "12": {
        "name": "MeComponent_Template",
        "decl": {
          "start": {
            "line": 112,
            "column": 27
          },
          "end": {
            "line": 112,
            "column": 47
          }
        },
        "loc": {
          "start": {
            "line": 112,
            "column": 57
          },
          "end": {
            "line": 132,
            "column": 9
          }
        },
        "line": 112
      },
      "13": {
        "name": "MeComponent_Template_button_click_4_listener",
        "decl": {
          "start": {
            "line": 115,
            "column": 44
          },
          "end": {
            "line": 115,
            "column": 88
          }
        },
        "loc": {
          "start": {
            "line": 115,
            "column": 91
          },
          "end": {
            "line": 117,
            "column": 13
          }
        },
        "line": 115
      }
    },
    "branchMap": {
      "0": {
        "loc": {
          "start": {
            "line": 11,
            "column": 2
          },
          "end": {
            "line": 15,
            "column": 3
          }
        },
        "type": "if",
        "locations": [
          {
            "start": {
              "line": 11,
              "column": 2
            },
            "end": {
              "line": 15,
              "column": 3
            }
          },
          {
            "start": {
              "line": 11,
              "column": 2
            },
            "end": {
              "line": 15,
              "column": 3
            }
          }
        ],
        "line": 11
      },
      "1": {
        "loc": {
          "start": {
            "line": 18,
            "column": 2
          },
          "end": {
            "line": 35,
            "column": 3
          }
        },
        "type": "if",
        "locations": [
          {
            "start": {
              "line": 18,
              "column": 2
            },
            "end": {
              "line": 35,
              "column": 3
            }
          },
          {
            "start": {
              "line": 18,
              "column": 2
            },
            "end": {
              "line": 35,
              "column": 3
            }
          }
        ],
        "line": 18
      },
      "2": {
        "loc": {
          "start": {
            "line": 38,
            "column": 2
          },
          "end": {
            "line": 59,
            "column": 3
          }
        },
        "type": "if",
        "locations": [
          {
            "start": {
              "line": 38,
              "column": 2
            },
            "end": {
              "line": 59,
              "column": 3
            }
          },
          {
            "start": {
              "line": 38,
              "column": 2
            },
            "end": {
              "line": 59,
              "column": 3
            }
          }
        ],
        "line": 38
      },
      "3": {
        "loc": {
          "start": {
            "line": 60,
            "column": 2
          },
          "end": {
            "line": 74,
            "column": 3
          }
        },
        "type": "if",
        "locations": [
          {
            "start": {
              "line": 60,
              "column": 2
            },
            "end": {
              "line": 74,
              "column": 3
            }
          },
          {
            "start": {
              "line": 60,
              "column": 2
            },
            "end": {
              "line": 74,
              "column": 3
            }
          }
        ],
        "line": 60
      },
      "4": {
        "loc": {
          "start": {
            "line": 101,
            "column": 20
          },
          "end": {
            "line": 101,
            "column": 52
          }
        },
        "type": "binary-expr",
        "locations": [
          {
            "start": {
              "line": 101,
              "column": 20
            },
            "end": {
              "line": 101,
              "column": 37
            }
          },
          {
            "start": {
              "line": 101,
              "column": 41
            },
            "end": {
              "line": 101,
              "column": 52
            }
          }
        ],
        "line": 101
      },
      "5": {
        "loc": {
          "start": {
            "line": 113,
            "column": 10
          },
          "end": {
            "line": 127,
            "column": 11
          }
        },
        "type": "if",
        "locations": [
          {
            "start": {
              "line": 113,
              "column": 10
            },
            "end": {
              "line": 127,
              "column": 11
            }
          },
          {
            "start": {
              "line": 113,
              "column": 10
            },
            "end": {
              "line": 127,
              "column": 11
            }
          }
        ],
        "line": 113
      },
      "6": {
        "loc": {
          "start": {
            "line": 128,
            "column": 10
          },
          "end": {
            "line": 131,
            "column": 11
          }
        },
        "type": "if",
        "locations": [
          {
            "start": {
              "line": 128,
              "column": 10
            },
            "end": {
              "line": 131,
              "column": 11
            }
          },
          {
            "start": {
              "line": 128,
              "column": 10
            },
            "end": {
              "line": 131,
              "column": 11
            }
          }
        ],
        "line": 128
      }
    },
    "s": {
      "0": 0,
      "1": 0,
      "2": 0,
      "3": 0,
      "4": 0,
      "5": 0,
      "6": 0,
      "7": 0,
      "8": 0,
      "9": 0,
      "10": 0,
      "11": 0,
      "12": 0,
      "13": 0,
      "14": 0,
      "15": 0,
      "16": 0,
      "17": 0,
      "18": 0,
      "19": 0,
      "20": 0,
      "21": 0,
      "22": 0,
      "23": 0,
      "24": 0,
      "25": 0,
      "26": 0,
      "27": 0,
      "28": 0,
      "29": 0,
      "30": 0,
      "31": 0,
      "32": 0,
      "33": 0,
      "34": 0,
      "35": 0,
      "36": 0,
      "37": 0,
      "38": 0,
      "39": 0,
      "40": 0,
      "41": 0,
      "42": 0,
      "43": 0,
      "44": 0,
      "45": 0,
      "46": 0,
      "47": 0,
      "48": 0,
      "49": 0,
      "50": 0,
      "51": 0,
      "52": 0,
      "53": 0,
      "54": 0,
      "55": 1,
      "56": 0,
      "57": 0,
      "58": 0,
      "59": 0,
      "60": 0,
      "61": 0,
      "62": 0,
      "63": 0,
      "64": 0,
      "65": 0,
      "66": 0,
      "67": 1,
      "68": 0,
      "69": 1,
      "70": 0,
      "71": 0,
      "72": 0,
      "73": 0,
      "74": 0,
      "75": 0,
      "76": 0,
      "77": 0,
      "78": 0,
      "79": 0,
      "80": 0,
      "81": 0,
      "82": 0,
      "83": 0,
      "84": 0,
      "85": 0,
      "86": 1
    },
    "f": {
      "0": 0,
      "1": 0,
      "2": 0,
      "3": 0,
      "4": 1,
      "5": 0,
      "6": 0,
      "7": 0,
      "8": 0,
      "9": 0,
      "10": 0,
      "11": 0,
      "12": 0,
      "13": 0
    },
    "b": {
      "0": [
        0,
        0
      ],
      "1": [
        0,
        0
      ],
      "2": [
        0,
        0
      ],
      "3": [
        0,
        0
      ],
      "4": [
        0,
        0
      ],
      "5": [
        0,
        0
      ],
      "6": [
        0,
        0
      ]
    },
    "inputSourceMap": {
      "version": 3,
      "names": [
        "i0",
        "ɵɵelementStart",
        "ɵɵtext",
        "ɵɵelementEnd",
        "ɵɵlistener",
        "MeComponent_div_10_div_7_Template_button_click_3_listener",
        "ɵɵrestoreView",
        "_r1",
        "ctx_r1",
        "ɵɵnextContext",
        "ɵɵresetView",
        "delete",
        "ɵɵtemplate",
        "MeComponent_div_10_p_6_Template",
        "MeComponent_div_10_div_7_Template",
        "ɵɵadvance",
        "ɵɵtextInterpolate2",
        "user",
        "firstName",
        "ɵɵpipeBind1",
        "lastName",
        "ɵɵtextInterpolate1",
        "email",
        "ɵɵproperty",
        "admin",
        "ɵɵpipeBind2",
        "createdAt",
        "updatedAt",
        "MeComponent",
        "constructor",
        "router",
        "sessionService",
        "matSnackBar",
        "userService",
        "ngOnInit",
        "getById",
        "sessionInformation",
        "id",
        "toString",
        "subscribe",
        "back",
        "window",
        "history",
        "_",
        "open",
        "duration",
        "logOut",
        "navigate",
        "ɵɵdirectiveInject",
        "i1",
        "Router",
        "i2",
        "SessionService",
        "i3",
        "MatSnackBar",
        "i4",
        "UserService",
        "selectors",
        "standalone",
        "decls",
        "vars",
        "consts",
        "template",
        "MeComponent_Template",
        "rf",
        "ctx",
        "MeComponent_Template_button_click_4_listener",
        "MeComponent_div_10_Template"
      ],
      "sources": [
        "/home/alyssa/Testez-Une-application-fullstack/front/src/app/components/me/me.component.ts",
        "/home/alyssa/Testez-Une-application-fullstack/front/src/app/components/me/me.component.html"
      ],
      "sourcesContent": [
        "import { Component, OnInit } from '@angular/core';\nimport { MatSnackBar } from '@angular/material/snack-bar';\nimport { Router } from '@angular/router';\nimport { User } from '../../interfaces/user.interface';\nimport { SessionService } from '../../services/session.service';\nimport { UserService } from '../../services/user.service';\n\n@Component({\n  selector: 'app-me',\n  templateUrl: './me.component.html',\n  styleUrls: ['./me.component.scss'],\n  standalone: false\n})\nexport class MeComponent implements OnInit {\n\n  public user: User | undefined;\n\n  constructor(private router: Router,\n              private sessionService: SessionService,\n              private matSnackBar: MatSnackBar,\n              private userService: UserService) {\n  }\n\n  public ngOnInit(): void {\n    this.userService\n      .getById(this.sessionService.sessionInformation!.id.toString())\n      .subscribe((user: User) => this.user = user);\n  }\n\n  public back(): void {\n    window.history.back();\n  }\n\n  public delete(): void {\n    this.userService\n      .delete(this.sessionService.sessionInformation!.id.toString())\n      .subscribe((_) => {\n        this.matSnackBar.open(\"Your account has been deleted !\", 'Close', { duration: 3000 });\n        this.sessionService.logOut();\n        this.router.navigate(['/']);\n      })\n  }\n\n}\n",
        "<div class=\"m3\">\n  <mat-card>\n    <mat-card-title>\n      <div class=\"flex-row start-center\">\n        <button mat-icon-button (click)=\"back()\">\n          <mat-icon>arrow_back</mat-icon>\n        </button>\n        <h1>User information</h1>\n      </div>\n    </mat-card-title>\n    <mat-card-content>\n      <div *ngIf=\"user\" class=\"flex-column start-center\">\n        <p>Name: {{ user.firstName }} {{ user.lastName | uppercase }}</p>\n        <p>Email: {{ user.email }}</p>\n        <p *ngIf=\"user.admin\" class=\"my2\">You are admin</p>\n        <div *ngIf=\"!user.admin\" class=\"flex-column my2 center-center\">\n          <p>Delete my account:</p>\n          <button mat-raised-button color=\"warn\" (click)=\"delete()\">\n            <mat-icon>delete</mat-icon>\n            <span class=\"ml1\">Detail</span>\n          </button>\n        </div>\n        <div class=\"space-between-center p2 w100\">\n          <p><i>Create at: </i> {{ user.createdAt | date: 'longDate'}}</p>\n          <p><i>Last update: </i> {{ user.updatedAt| date: 'longDate'}}</p>\n        </div>\n      </div>\n    </mat-card-content>\n  </mat-card>\n</div>"
      ],
      "mappings": ";;;;;;;;;;;ICcQA,EAAA,CAAAC,cAAA,WAAkC;IAAAD,EAAA,CAAAE,MAAA,oBAAa;IAAAF,EAAA,CAAAG,YAAA,EAAI;;;;;;IAEjDH,EADF,CAAAC,cAAA,aAA+D,QAC1D;IAAAD,EAAA,CAAAE,MAAA,yBAAkB;IAAAF,EAAA,CAAAG,YAAA,EAAI;IACzBH,EAAA,CAAAC,cAAA,iBAA0D;IAAnBD,EAAA,CAAAI,UAAA,mBAAAC,0DAAA;MAAAL,EAAA,CAAAM,aAAA,CAAAC,GAAA;MAAA,MAAAC,MAAA,GAAAR,EAAA,CAAAS,aAAA;MAAA,OAAAT,EAAA,CAAAU,WAAA,CAASF,MAAA,CAAAG,MAAA,EAAQ;IAAA,EAAC;IACvDX,EAAA,CAAAC,cAAA,eAAU;IAAAD,EAAA,CAAAE,MAAA,aAAM;IAAAF,EAAA,CAAAG,YAAA,EAAW;IAC3BH,EAAA,CAAAC,cAAA,eAAkB;IAAAD,EAAA,CAAAE,MAAA,aAAM;IAE5BF,EAF4B,CAAAG,YAAA,EAAO,EACxB,EACL;;;;;IATNH,EADF,CAAAC,cAAA,aAAmD,QAC9C;IAAAD,EAAA,CAAAE,MAAA,GAA0D;;IAAAF,EAAA,CAAAG,YAAA,EAAI;IACjEH,EAAA,CAAAC,cAAA,QAAG;IAAAD,EAAA,CAAAE,MAAA,GAAuB;IAAAF,EAAA,CAAAG,YAAA,EAAI;IAE9BH,EADA,CAAAY,UAAA,IAAAC,+BAAA,eAAkC,IAAAC,iCAAA,iBAC6B;IAQ1Dd,EADL,CAAAC,cAAA,aAA0C,QACrC,SAAG;IAAAD,EAAA,CAAAE,MAAA,mBAAW;IAAAF,EAAA,CAAAG,YAAA,EAAI;IAACH,EAAA,CAAAE,MAAA,IAAsC;;IAAAF,EAAA,CAAAG,YAAA,EAAI;IAC7DH,EAAH,CAAAC,cAAA,SAAG,SAAG;IAAAD,EAAA,CAAAE,MAAA,qBAAa;IAAAF,EAAA,CAAAG,YAAA,EAAI;IAACH,EAAA,CAAAE,MAAA,IAAqC;;IAEjEF,EAFiE,CAAAG,YAAA,EAAI,EAC7D,EACF;;;;IAdDH,EAAA,CAAAe,SAAA,GAA0D;IAA1Df,EAAA,CAAAgB,kBAAA,WAAAR,MAAA,CAAAS,IAAA,CAAAC,SAAA,OAAAlB,EAAA,CAAAmB,WAAA,OAAAX,MAAA,CAAAS,IAAA,CAAAG,QAAA,MAA0D;IAC1DpB,EAAA,CAAAe,SAAA,GAAuB;IAAvBf,EAAA,CAAAqB,kBAAA,YAAAb,MAAA,CAAAS,IAAA,CAAAK,KAAA,KAAuB;IACtBtB,EAAA,CAAAe,SAAA,EAAgB;IAAhBf,EAAA,CAAAuB,UAAA,SAAAf,MAAA,CAAAS,IAAA,CAAAO,KAAA,CAAgB;IACdxB,EAAA,CAAAe,SAAA,EAAiB;IAAjBf,EAAA,CAAAuB,UAAA,UAAAf,MAAA,CAAAS,IAAA,CAAAO,KAAA,CAAiB;IAQCxB,EAAA,CAAAe,SAAA,GAAsC;IAAtCf,EAAA,CAAAqB,kBAAA,MAAArB,EAAA,CAAAyB,WAAA,QAAAjB,MAAA,CAAAS,IAAA,CAAAS,SAAA,kBAAsC;IACpC1B,EAAA,CAAAe,SAAA,GAAqC;IAArCf,EAAA,CAAAqB,kBAAA,MAAArB,EAAA,CAAAyB,WAAA,SAAAjB,MAAA,CAAAS,IAAA,CAAAU,SAAA,kBAAqC;;;ADXvE,WAAaC,WAAW;EAAlB,MAAOA,WAAW;IAItBC,YAAoBC,MAAc,EACdC,cAA8B,EAC9BC,WAAwB,EACxBC,WAAwB;MAHxB,KAAAH,MAAM,GAANA,MAAM;MACN,KAAAC,cAAc,GAAdA,cAAc;MACd,KAAAC,WAAW,GAAXA,WAAW;MACX,KAAAC,WAAW,GAAXA,WAAW;IAC/B;IAEOC,QAAQA,CAAA;MACb,IAAI,CAACD,WAAW,CACbE,OAAO,CAAC,IAAI,CAACJ,cAAc,CAACK,kBAAmB,CAACC,EAAE,CAACC,QAAQ,EAAE,CAAC,CAC9DC,SAAS,CAAEtB,IAAU,IAAK,IAAI,CAACA,IAAI,GAAGA,IAAI,CAAC;IAChD;IAEOuB,IAAIA,CAAA;MACTC,MAAM,CAACC,OAAO,CAACF,IAAI,EAAE;IACvB;IAEO7B,MAAMA,CAAA;MACX,IAAI,CAACsB,WAAW,CACbtB,MAAM,CAAC,IAAI,CAACoB,cAAc,CAACK,kBAAmB,CAACC,EAAE,CAACC,QAAQ,EAAE,CAAC,CAC7DC,SAAS,CAAEI,CAAC,IAAI;QACf,IAAI,CAACX,WAAW,CAACY,IAAI,CAAC,iCAAiC,EAAE,OAAO,EAAE;UAAEC,QAAQ,EAAE;QAAI,CAAE,CAAC;QACrF,IAAI,CAACd,cAAc,CAACe,MAAM,EAAE;QAC5B,IAAI,CAAChB,MAAM,CAACiB,QAAQ,CAAC,CAAC,GAAG,CAAC,CAAC;MAC7B,CAAC,CAAC;IACN;;;yCA5BWnB,WAAW,EAAA5B,EAAA,CAAAgD,iBAAA,CAAAC,EAAA,CAAAC,MAAA,GAAAlD,EAAA,CAAAgD,iBAAA,CAAAG,EAAA,CAAAC,cAAA,GAAApD,EAAA,CAAAgD,iBAAA,CAAAK,EAAA,CAAAC,WAAA,GAAAtD,EAAA,CAAAgD,iBAAA,CAAAO,EAAA,CAAAC,WAAA;MAAA;IAAA;;;cAAX5B,WAAW;QAAA6B,SAAA;QAAAC,UAAA;QAAAC,KAAA;QAAAC,IAAA;QAAAC,MAAA;QAAAC,QAAA,WAAAC,qBAAAC,EAAA,EAAAC,GAAA;UAAA,IAAAD,EAAA;YCThBhE,EAJR,CAAAC,cAAA,aAAgB,eACJ,qBACQ,aACqB,gBACQ;YAAjBD,EAAA,CAAAI,UAAA,mBAAA8D,6CAAA;cAAA,OAASD,GAAA,CAAAzB,IAAA,EAAM;YAAA,EAAC;YACtCxC,EAAA,CAAAC,cAAA,eAAU;YAAAD,EAAA,CAAAE,MAAA,iBAAU;YACtBF,EADsB,CAAAG,YAAA,EAAW,EACxB;YACTH,EAAA,CAAAC,cAAA,SAAI;YAAAD,EAAA,CAAAE,MAAA,uBAAgB;YAExBF,EAFwB,CAAAG,YAAA,EAAK,EACrB,EACS;YACjBH,EAAA,CAAAC,cAAA,uBAAkB;YAChBD,EAAA,CAAAY,UAAA,KAAAuD,2BAAA,mBAAmD;YAkBzDnE,EAFI,CAAAG,YAAA,EAAmB,EACV,EACP;;;YAlBMH,EAAA,CAAAe,SAAA,IAAU;YAAVf,EAAA,CAAAuB,UAAA,SAAA0C,GAAA,CAAAhD,IAAA,CAAU;;;;;;;;SDETW,WAAW;AAAA",
      "ignoreList": []
    },
    "_coverageSchema": "1a1c01bbd47fc00a2c39e90264f33305004495a9",
    "hash": "0a61c5baec8cccdab3b2d0745d8874dc7c47ce2d"
  },
  "/home/alyssa/Testez-Une-application-fullstack/front/src/app/components/not-found/not-found.component.ts": {
    "path": "/home/alyssa/Testez-Une-application-fullstack/front/src/app/components/not-found/not-found.component.ts",
    "statementMap": {
      "0": {
        "start": {
          "line": 2,
          "column": 44
        },
        "end": {
          "line": 29,
          "column": 4
        }
      },
      "1": {
        "start": {
          "line": 5,
          "column": 6
        },
        "end": {
          "line": 7,
          "column": 8
        }
      },
      "2": {
        "start": {
          "line": 6,
          "column": 8
        },
        "end": {
          "line": 6,
          "column": 62
        }
      },
      "3": {
        "start": {
          "line": 10,
          "column": 6
        },
        "end": {
          "line": 25,
          "column": 9
        }
      },
      "4": {
        "start": {
          "line": 18,
          "column": 10
        },
        "end": {
          "line": 22,
          "column": 11
        }
      },
      "5": {
        "start": {
          "line": 19,
          "column": 12
        },
        "end": {
          "line": 19,
          "column": 52
        }
      },
      "6": {
        "start": {
          "line": 20,
          "column": 12
        },
        "end": {
          "line": 20,
          "column": 45
        }
      },
      "7": {
        "start": {
          "line": 21,
          "column": 12
        },
        "end": {
          "line": 21,
          "column": 32
        }
      },
      "8": {
        "start": {
          "line": 28,
          "column": 2
        },
        "end": {
          "line": 28,
          "column": 27
        }
      }
    },
    "fnMap": {
      "0": {
        "name": "(anonymous_0)",
        "decl": {
          "start": {
            "line": 2,
            "column": 45
          },
          "end": {
            "line": 2,
            "column": 46
          }
        },
        "loc": {
          "start": {
            "line": 2,
            "column": 51
          },
          "end": {
            "line": 29,
            "column": 1
          }
        },
        "line": 2
      },
      "1": {
        "name": "NotFoundComponent_Factory",
        "decl": {
          "start": {
            "line": 5,
            "column": 27
          },
          "end": {
            "line": 5,
            "column": 52
          }
        },
        "loc": {
          "start": {
            "line": 5,
            "column": 72
          },
          "end": {
            "line": 7,
            "column": 7
          }
        },
        "line": 5
      },
      "2": {
        "name": "NotFoundComponent_Template",
        "decl": {
          "start": {
            "line": 17,
            "column": 27
          },
          "end": {
            "line": 17,
            "column": 53
          }
        },
        "loc": {
          "start": {
            "line": 17,
            "column": 63
          },
          "end": {
            "line": 23,
            "column": 9
          }
        },
        "line": 17
      }
    },
    "branchMap": {
      "0": {
        "loc": {
          "start": {
            "line": 6,
            "column": 20
          },
          "end": {
            "line": 6,
            "column": 58
          }
        },
        "type": "binary-expr",
        "locations": [
          {
            "start": {
              "line": 6,
              "column": 20
            },
            "end": {
              "line": 6,
              "column": 37
            }
          },
          {
            "start": {
              "line": 6,
              "column": 41
            },
            "end": {
              "line": 6,
              "column": 58
            }
          }
        ],
        "line": 6
      },
      "1": {
        "loc": {
          "start": {
            "line": 18,
            "column": 10
          },
          "end": {
            "line": 22,
            "column": 11
          }
        },
        "type": "if",
        "locations": [
          {
            "start": {
              "line": 18,
              "column": 10
            },
            "end": {
              "line": 22,
              "column": 11
            }
          },
          {
            "start": {
              "line": 18,
              "column": 10
            },
            "end": {
              "line": 22,
              "column": 11
            }
          }
        ],
        "line": 18
      }
    },
    "s": {
      "0": 1,
      "1": 1,
      "2": 1,
      "3": 1,
      "4": 4,
      "5": 1,
      "6": 1,
      "7": 1,
      "8": 1
    },
    "f": {
      "0": 1,
      "1": 1,
      "2": 4
    },
    "b": {
      "0": [
        1,
        1
      ],
      "1": [
        1,
        3
      ]
    },
    "inputSourceMap": {
      "version": 3,
      "names": [
        "NotFoundComponent",
        "selectors",
        "standalone",
        "decls",
        "vars",
        "consts",
        "template",
        "NotFoundComponent_Template",
        "rf",
        "ctx",
        "i0",
        "ɵɵelementStart",
        "ɵɵtext",
        "ɵɵelementEnd"
      ],
      "sources": [
        "/home/alyssa/Testez-Une-application-fullstack/front/src/app/components/not-found/not-found.component.ts",
        "/home/alyssa/Testez-Une-application-fullstack/front/src/app/components/not-found/not-found.component.html"
      ],
      "sourcesContent": [
        "import { Component } from '@angular/core';\n\n@Component({\n  selector: 'app-not-found',\n  templateUrl: './not-found.component.html',\n  styleUrls: ['./not-found.component.scss'],\n  standalone: false\n})\nexport class NotFoundComponent {\n}\n",
        "<div class=\"flex justify-center mt3\">\n        <h1>Page not found !</h1>\n</div>"
      ],
      "mappings": ";AAQA,WAAaA,iBAAiB;EAAxB,MAAOA,iBAAiB;;;yCAAjBA,iBAAiB;MAAA;IAAA;;;cAAjBA,iBAAiB;QAAAC,SAAA;QAAAC,UAAA;QAAAC,KAAA;QAAAC,IAAA;QAAAC,MAAA;QAAAC,QAAA,WAAAC,2BAAAC,EAAA,EAAAC,GAAA;UAAA,IAAAD,EAAA;YCPtBE,EADR,CAAAC,cAAA,aAAqC,SACzB;YAAAD,EAAA,CAAAE,MAAA,uBAAgB;YAC5BF,EAD4B,CAAAG,YAAA,EAAK,EAC3B;;;;;;;SDMOb,iBAAiB;AAAA",
      "ignoreList": []
    },
    "_coverageSchema": "1a1c01bbd47fc00a2c39e90264f33305004495a9",
    "hash": "cb837c289c87587a933240d5fdfd7e564852f05b"
  },
  "/home/alyssa/Testez-Une-application-fullstack/front/src/app/guards/auth.guard.ts": {
    "path": "/home/alyssa/Testez-Une-application-fullstack/front/src/app/guards/auth.guard.ts",
    "statementMap": {
      "0": {
        "start": {
          "line": 4,
          "column": 36
        },
        "end": {
          "line": 31,
          "column": 4
        }
      },
      "1": {
        "start": {
          "line": 7,
          "column": 6
        },
        "end": {
          "line": 7,
          "column": 27
        }
      },
      "2": {
        "start": {
          "line": 8,
          "column": 6
        },
        "end": {
          "line": 8,
          "column": 43
        }
      },
      "3": {
        "start": {
          "line": 11,
          "column": 6
        },
        "end": {
          "line": 14,
          "column": 7
        }
      },
      "4": {
        "start": {
          "line": 12,
          "column": 8
        },
        "end": {
          "line": 12,
          "column": 40
        }
      },
      "5": {
        "start": {
          "line": 13,
          "column": 8
        },
        "end": {
          "line": 13,
          "column": 21
        }
      },
      "6": {
        "start": {
          "line": 15,
          "column": 6
        },
        "end": {
          "line": 15,
          "column": 18
        }
      },
      "7": {
        "start": {
          "line": 18,
          "column": 6
        },
        "end": {
          "line": 20,
          "column": 8
        }
      },
      "8": {
        "start": {
          "line": 19,
          "column": 8
        },
        "end": {
          "line": 19,
          "column": 108
        }
      },
      "9": {
        "start": {
          "line": 23,
          "column": 6
        },
        "end": {
          "line": 27,
          "column": 9
        }
      },
      "10": {
        "start": {
          "line": 30,
          "column": 2
        },
        "end": {
          "line": 30,
          "column": 19
        }
      }
    },
    "fnMap": {
      "0": {
        "name": "(anonymous_0)",
        "decl": {
          "start": {
            "line": 4,
            "column": 37
          },
          "end": {
            "line": 4,
            "column": 38
          }
        },
        "loc": {
          "start": {
            "line": 4,
            "column": 43
          },
          "end": {
            "line": 31,
            "column": 1
          }
        },
        "line": 4
      },
      "1": {
        "name": "(anonymous_1)",
        "decl": {
          "start": {
            "line": 6,
            "column": 4
          },
          "end": {
            "line": 6,
            "column": 5
          }
        },
        "loc": {
          "start": {
            "line": 6,
            "column": 40
          },
          "end": {
            "line": 9,
            "column": 5
          }
        },
        "line": 6
      },
      "2": {
        "name": "(anonymous_2)",
        "decl": {
          "start": {
            "line": 10,
            "column": 4
          },
          "end": {
            "line": 10,
            "column": 5
          }
        },
        "loc": {
          "start": {
            "line": 10,
            "column": 18
          },
          "end": {
            "line": 16,
            "column": 5
          }
        },
        "line": 10
      },
      "3": {
        "name": "AuthGuard_Factory",
        "decl": {
          "start": {
            "line": 18,
            "column": 27
          },
          "end": {
            "line": 18,
            "column": 44
          }
        },
        "loc": {
          "start": {
            "line": 18,
            "column": 64
          },
          "end": {
            "line": 20,
            "column": 7
          }
        },
        "line": 18
      }
    },
    "branchMap": {
      "0": {
        "loc": {
          "start": {
            "line": 11,
            "column": 6
          },
          "end": {
            "line": 14,
            "column": 7
          }
        },
        "type": "if",
        "locations": [
          {
            "start": {
              "line": 11,
              "column": 6
            },
            "end": {
              "line": 14,
              "column": 7
            }
          },
          {
            "start": {
              "line": 11,
              "column": 6
            },
            "end": {
              "line": 14,
              "column": 7
            }
          }
        ],
        "line": 11
      },
      "1": {
        "loc": {
          "start": {
            "line": 19,
            "column": 20
          },
          "end": {
            "line": 19,
            "column": 50
          }
        },
        "type": "binary-expr",
        "locations": [
          {
            "start": {
              "line": 19,
              "column": 20
            },
            "end": {
              "line": 19,
              "column": 37
            }
          },
          {
            "start": {
              "line": 19,
              "column": 41
            },
            "end": {
              "line": 19,
              "column": 50
            }
          }
        ],
        "line": 19
      }
    },
    "s": {
      "0": 1,
      "1": 0,
      "2": 0,
      "3": 0,
      "4": 0,
      "5": 0,
      "6": 0,
      "7": 1,
      "8": 0,
      "9": 1,
      "10": 1
    },
    "f": {
      "0": 1,
      "1": 0,
      "2": 0,
      "3": 0
    },
    "b": {
      "0": [
        0,
        0
      ],
      "1": [
        0,
        0
      ]
    },
    "inputSourceMap": {
      "version": 3,
      "names": [
        "AuthGuard",
        "constructor",
        "router",
        "sessionService",
        "canActivate",
        "isLogged",
        "navigate",
        "i0",
        "ɵɵinject",
        "i1",
        "Router",
        "i2",
        "SessionService",
        "factory",
        "ɵfac",
        "providedIn"
      ],
      "sources": [
        "/home/alyssa/Testez-Une-application-fullstack/front/src/app/guards/auth.guard.ts"
      ],
      "sourcesContent": [
        "import {Injectable} from \"@angular/core\";\nimport {CanActivate, Router} from \"@angular/router\"; \nimport { SessionService } from \"../services/session.service\";\n\n@Injectable({providedIn: 'root'})\nexport class AuthGuard implements CanActivate {\n\n  constructor( \n    private router: Router,\n    private sessionService: SessionService,\n  ) {\n  }\n\n  public canActivate(): boolean {\n    if (!this.sessionService.isLogged) {\n      this.router.navigate(['login']);\n      return false;\n    }\n    return true;\n  }\n}"
      ],
      "mappings": ";;;AAKA,WAAaA,SAAS;EAAhB,MAAOA,SAAS;IAEpBC,YACUC,MAAc,EACdC,cAA8B;MAD9B,KAAAD,MAAM,GAANA,MAAM;MACN,KAAAC,cAAc,GAAdA,cAAc;IAExB;IAEOC,WAAWA,CAAA;MAChB,IAAI,CAAC,IAAI,CAACD,cAAc,CAACE,QAAQ,EAAE;QACjC,IAAI,CAACH,MAAM,CAACI,QAAQ,CAAC,CAAC,OAAO,CAAC,CAAC;QAC/B,OAAO,KAAK;MACd;MACA,OAAO,IAAI;IACb;;;yCAdWN,SAAS,EAAAO,EAAA,CAAAC,QAAA,CAAAC,EAAA,CAAAC,MAAA,GAAAH,EAAA,CAAAC,QAAA,CAAAG,EAAA,CAAAC,cAAA;MAAA;IAAA;;;eAATZ,SAAS;QAAAa,OAAA,EAATb,SAAS,CAAAc,IAAA;QAAAC,UAAA,EADG;MAAM;IAAA;;SAClBf,SAAS;AAAA",
      "ignoreList": []
    },
    "_coverageSchema": "1a1c01bbd47fc00a2c39e90264f33305004495a9",
    "hash": "eb1fc7870ce84512b98924527e7d845c572a2965"
  },
  "/home/alyssa/Testez-Une-application-fullstack/front/src/app/guards/unauth.guard.ts": {
    "path": "/home/alyssa/Testez-Une-application-fullstack/front/src/app/guards/unauth.guard.ts",
    "statementMap": {
      "0": {
        "start": {
          "line": 4,
          "column": 38
        },
        "end": {
          "line": 31,
          "column": 4
        }
      },
      "1": {
        "start": {
          "line": 7,
          "column": 6
        },
        "end": {
          "line": 7,
          "column": 27
        }
      },
      "2": {
        "start": {
          "line": 8,
          "column": 6
        },
        "end": {
          "line": 8,
          "column": 43
        }
      },
      "3": {
        "start": {
          "line": 11,
          "column": 6
        },
        "end": {
          "line": 14,
          "column": 7
        }
      },
      "4": {
        "start": {
          "line": 12,
          "column": 8
        },
        "end": {
          "line": 12,
          "column": 42
        }
      },
      "5": {
        "start": {
          "line": 13,
          "column": 8
        },
        "end": {
          "line": 13,
          "column": 21
        }
      },
      "6": {
        "start": {
          "line": 15,
          "column": 6
        },
        "end": {
          "line": 15,
          "column": 18
        }
      },
      "7": {
        "start": {
          "line": 18,
          "column": 6
        },
        "end": {
          "line": 20,
          "column": 8
        }
      },
      "8": {
        "start": {
          "line": 19,
          "column": 8
        },
        "end": {
          "line": 19,
          "column": 110
        }
      },
      "9": {
        "start": {
          "line": 23,
          "column": 6
        },
        "end": {
          "line": 27,
          "column": 9
        }
      },
      "10": {
        "start": {
          "line": 30,
          "column": 2
        },
        "end": {
          "line": 30,
          "column": 21
        }
      }
    },
    "fnMap": {
      "0": {
        "name": "(anonymous_0)",
        "decl": {
          "start": {
            "line": 4,
            "column": 39
          },
          "end": {
            "line": 4,
            "column": 40
          }
        },
        "loc": {
          "start": {
            "line": 4,
            "column": 45
          },
          "end": {
            "line": 31,
            "column": 1
          }
        },
        "line": 4
      },
      "1": {
        "name": "(anonymous_1)",
        "decl": {
          "start": {
            "line": 6,
            "column": 4
          },
          "end": {
            "line": 6,
            "column": 5
          }
        },
        "loc": {
          "start": {
            "line": 6,
            "column": 40
          },
          "end": {
            "line": 9,
            "column": 5
          }
        },
        "line": 6
      },
      "2": {
        "name": "(anonymous_2)",
        "decl": {
          "start": {
            "line": 10,
            "column": 4
          },
          "end": {
            "line": 10,
            "column": 5
          }
        },
        "loc": {
          "start": {
            "line": 10,
            "column": 18
          },
          "end": {
            "line": 16,
            "column": 5
          }
        },
        "line": 10
      },
      "3": {
        "name": "UnauthGuard_Factory",
        "decl": {
          "start": {
            "line": 18,
            "column": 27
          },
          "end": {
            "line": 18,
            "column": 46
          }
        },
        "loc": {
          "start": {
            "line": 18,
            "column": 66
          },
          "end": {
            "line": 20,
            "column": 7
          }
        },
        "line": 18
      }
    },
    "branchMap": {
      "0": {
        "loc": {
          "start": {
            "line": 11,
            "column": 6
          },
          "end": {
            "line": 14,
            "column": 7
          }
        },
        "type": "if",
        "locations": [
          {
            "start": {
              "line": 11,
              "column": 6
            },
            "end": {
              "line": 14,
              "column": 7
            }
          },
          {
            "start": {
              "line": 11,
              "column": 6
            },
            "end": {
              "line": 14,
              "column": 7
            }
          }
        ],
        "line": 11
      },
      "1": {
        "loc": {
          "start": {
            "line": 19,
            "column": 20
          },
          "end": {
            "line": 19,
            "column": 52
          }
        },
        "type": "binary-expr",
        "locations": [
          {
            "start": {
              "line": 19,
              "column": 20
            },
            "end": {
              "line": 19,
              "column": 37
            }
          },
          {
            "start": {
              "line": 19,
              "column": 41
            },
            "end": {
              "line": 19,
              "column": 52
            }
          }
        ],
        "line": 19
      }
    },
    "s": {
      "0": 1,
      "1": 0,
      "2": 0,
      "3": 0,
      "4": 0,
      "5": 0,
      "6": 0,
      "7": 1,
      "8": 0,
      "9": 1,
      "10": 1
    },
    "f": {
      "0": 1,
      "1": 0,
      "2": 0,
      "3": 0
    },
    "b": {
      "0": [
        0,
        0
      ],
      "1": [
        0,
        0
      ]
    },
    "inputSourceMap": {
      "version": 3,
      "names": [
        "UnauthGuard",
        "constructor",
        "router",
        "sessionService",
        "canActivate",
        "isLogged",
        "navigate",
        "i0",
        "ɵɵinject",
        "i1",
        "Router",
        "i2",
        "SessionService",
        "factory",
        "ɵfac",
        "providedIn"
      ],
      "sources": [
        "/home/alyssa/Testez-Une-application-fullstack/front/src/app/guards/unauth.guard.ts"
      ],
      "sourcesContent": [
        "import {Injectable} from \"@angular/core\";\nimport {CanActivate, Router} from \"@angular/router\"; \nimport { SessionService } from \"../services/session.service\";\n\n@Injectable({providedIn: 'root'})\nexport class UnauthGuard implements CanActivate {\n\n  constructor( \n    private router: Router,\n    private sessionService: SessionService,\n  ) {\n  }\n\n  public canActivate(): boolean {\n    if (this.sessionService.isLogged) {\n      this.router.navigate(['rentals']);\n      return false;\n    }\n    return true;\n  }\n}"
      ],
      "mappings": ";;;AAKA,WAAaA,WAAW;EAAlB,MAAOA,WAAW;IAEtBC,YACUC,MAAc,EACdC,cAA8B;MAD9B,KAAAD,MAAM,GAANA,MAAM;MACN,KAAAC,cAAc,GAAdA,cAAc;IAExB;IAEOC,WAAWA,CAAA;MAChB,IAAI,IAAI,CAACD,cAAc,CAACE,QAAQ,EAAE;QAChC,IAAI,CAACH,MAAM,CAACI,QAAQ,CAAC,CAAC,SAAS,CAAC,CAAC;QACjC,OAAO,KAAK;MACd;MACA,OAAO,IAAI;IACb;;;yCAdWN,WAAW,EAAAO,EAAA,CAAAC,QAAA,CAAAC,EAAA,CAAAC,MAAA,GAAAH,EAAA,CAAAC,QAAA,CAAAG,EAAA,CAAAC,cAAA;MAAA;IAAA;;;eAAXZ,WAAW;QAAAa,OAAA,EAAXb,WAAW,CAAAc,IAAA;QAAAC,UAAA,EADC;MAAM;IAAA;;SAClBf,WAAW;AAAA",
      "ignoreList": []
    },
    "_coverageSchema": "1a1c01bbd47fc00a2c39e90264f33305004495a9",
    "hash": "7a80a29b09cc50f92a54df901b7e01f494708bbe"
  },
  "/home/alyssa/Testez-Une-application-fullstack/front/src/app/app-routing.module.ts": {
    "path": "/home/alyssa/Testez-Une-application-fullstack/front/src/app/app-routing.module.ts",
    "statementMap": {
      "0": {
        "start": {
          "line": 8,
          "column": 15
        },
        "end": {
          "line": 26,
          "column": 2
        }
      },
      "1": {
        "start": {
          "line": 11,
          "column": 22
        },
        "end": {
          "line": 11,
          "column": 83
        }
      },
      "2": {
        "start": {
          "line": 11,
          "column": 70
        },
        "end": {
          "line": 11,
          "column": 82
        }
      },
      "3": {
        "start": {
          "line": 15,
          "column": 22
        },
        "end": {
          "line": 15,
          "column": 95
        }
      },
      "4": {
        "start": {
          "line": 15,
          "column": 78
        },
        "end": {
          "line": 15,
          "column": 94
        }
      },
      "5": {
        "start": {
          "line": 27,
          "column": 43
        },
        "end": {
          "line": 46,
          "column": 4
        }
      },
      "6": {
        "start": {
          "line": 30,
          "column": 6
        },
        "end": {
          "line": 32,
          "column": 8
        }
      },
      "7": {
        "start": {
          "line": 31,
          "column": 8
        },
        "end": {
          "line": 31,
          "column": 61
        }
      },
      "8": {
        "start": {
          "line": 35,
          "column": 6
        },
        "end": {
          "line": 37,
          "column": 9
        }
      },
      "9": {
        "start": {
          "line": 40,
          "column": 6
        },
        "end": {
          "line": 42,
          "column": 9
        }
      },
      "10": {
        "start": {
          "line": 45,
          "column": 2
        },
        "end": {
          "line": 45,
          "column": 26
        }
      }
    },
    "fnMap": {
      "0": {
        "name": "(anonymous_0)",
        "decl": {
          "start": {
            "line": 11,
            "column": 16
          },
          "end": {
            "line": 11,
            "column": 17
          }
        },
        "loc": {
          "start": {
            "line": 11,
            "column": 22
          },
          "end": {
            "line": 11,
            "column": 83
          }
        },
        "line": 11
      },
      "1": {
        "name": "(anonymous_1)",
        "decl": {
          "start": {
            "line": 11,
            "column": 65
          },
          "end": {
            "line": 11,
            "column": 66
          }
        },
        "loc": {
          "start": {
            "line": 11,
            "column": 70
          },
          "end": {
            "line": 11,
            "column": 82
          }
        },
        "line": 11
      },
      "2": {
        "name": "(anonymous_2)",
        "decl": {
          "start": {
            "line": 15,
            "column": 16
[...]
            "column": 11
          }
        },
        "type": "if",
        "locations": [
          {
            "start": {
              "line": 53,
              "column": 10
            },
            "end": {
              "line": 78,
              "column": 11
            }
          },
          {
            "start": {
              "line": 53,
              "column": 10
            },
            "end": {
              "line": 78,
              "column": 11
            }
          }
        ],
        "line": 53
      },
      "3": {
        "loc": {
          "start": {
            "line": 79,
            "column": 10
          },
          "end": {
            "line": 86,
            "column": 11
          }
        },
        "type": "if",
        "locations": [
          {
            "start": {
              "line": 79,
              "column": 10
            },
            "end": {
              "line": 86,
              "column": 11
            }
          },
          {
            "start": {
              "line": 79,
              "column": 10
            },
            "end": {
              "line": 86,
              "column": 11
            }
          }
        ],
        "line": 79
      }
    },
    "s": {
      "0": 0,
      "1": 0,
      "2": 0,
      "3": 0,
      "4": 1,
      "5": 0,
      "6": 0,
      "7": 0,
      "8": 0,
      "9": 0,
      "10": 0,
      "11": 0,
      "12": 0,
      "13": 0,
      "14": 1,
      "15": 0,
      "16": 1,
      "17": 0,
      "18": 0,
      "19": 0,
      "20": 0,
      "21": 0,
      "22": 0,
      "23": 0,
      "24": 0,
      "25": 0,
      "26": 0,
      "27": 0,
      "28": 0,
      "29": 0,
      "30": 0,
      "31": 0,
      "32": 0,
      "33": 0,
      "34": 0,
      "35": 0,
      "36": 0,
      "37": 0,
      "38": 0,
      "39": 0,
      "40": 0,
      "41": 0,
      "42": 0,
      "43": 0,
      "44": 0,
      "45": 0,
      "46": 0,
      "47": 0,
      "48": 1
    },
    "f": {
      "0": 0,
      "1": 1,
      "2": 0,
      "3": 0,
      "4": 0,
      "5": 0,
      "6": 0,
      "7": 0,
      "8": 0
    },
    "b": {
      "0": [
        0,
        0
      ],
      "1": [
        0,
        0
      ],
      "2": [
        0,
        0
      ],
      "3": [
        0,
        0
      ]
    },
    "inputSourceMap": {
      "version": 3,
      "names": [
        "Validators",
        "i0",
        "ɵɵelementStart",
        "ɵɵtext",
        "ɵɵelementEnd",
        "RegisterComponent",
        "constructor",
        "authService",
        "fb",
        "router",
        "onError",
        "form",
        "group",
        "email",
        "required",
        "firstName",
        "min",
        "max",
        "lastName",
        "password",
        "submit",
        "registerRequest",
        "value",
        "register",
        "subscribe",
        "next",
        "_",
        "navigate",
        "error",
        "ɵɵdirectiveInject",
        "i1",
        "AuthService",
        "i2",
        "FormBuilder",
        "i3",
        "Router",
        "selectors",
        "standalone",
        "decls",
        "vars",
        "consts",
        "template",
        "RegisterComponent_Template",
        "rf",
        "ctx",
        "ɵɵlistener",
        "RegisterComponent_Template_form_ngSubmit_5_listener",
        "ɵɵelement",
        "ɵɵtemplate",
        "RegisterComponent_span_17_Template",
        "ɵɵadvance",
        "ɵɵproperty",
        "invalid"
      ],
      "sources": [
        "/home/alyssa/Testez-Une-application-fullstack/front/src/app/features/auth/components/register/register.component.ts",
        "/home/alyssa/Testez-Une-application-fullstack/front/src/app/features/auth/components/register/register.component.html"
      ],
      "sourcesContent": [
        "import { Component } from '@angular/core';\nimport { FormBuilder, Validators } from '@angular/forms';\nimport { Router } from '@angular/router';\nimport { AuthService } from '../../services/auth.service';\nimport { RegisterRequest } from '../../interfaces/registerRequest.interface';\n\n@Component({\n  selector: 'app-register',\n  templateUrl: './register.component.html',\n  styleUrls: ['./register.component.scss'],\n  standalone: false\n})\nexport class RegisterComponent {\n\n  public onError = false;\n\n  public form = this.fb.group({\n    email: [\n      '',\n      [\n        Validators.required,\n        Validators.email\n      ]\n    ],\n    firstName: [\n      '',\n      [\n        Validators.required,\n        Validators.min(3),\n        Validators.max(20)\n      ]\n    ],\n    lastName: [\n      '',\n      [\n        Validators.required,\n        Validators.min(3),\n        Validators.max(20)\n      ]\n    ],\n    password: [\n      '',\n      [\n        Validators.required,\n        Validators.min(3),\n        Validators.max(40)\n      ]\n    ]\n  });\n\n  constructor(private authService: AuthService,\n              private fb: FormBuilder,\n              private router: Router) {\n  }\n\n  public submit(): void {\n    const registerRequest = this.form.value as RegisterRequest;\n    this.authService.register(registerRequest).subscribe({\n        next: (_: void) => this.router.navigate(['/login']),\n        error: _ => this.onError = true,\n      }\n    );\n  }\n\n}\n",
        "<div class=\"register flex-row center-center\">\n    <mat-card>\n        <mat-card-header class=\"center-center\">\n            <mat-card-title>Register</mat-card-title>\n        </mat-card-header>\n        <form class=\"register-form\" [formGroup]=\"form\" (ngSubmit)=\"submit()\">\n            <mat-card-content class=\"flex-column\">\n                <mat-form-field class=\"flex\">\n                    <input matInput placeholder=\"First name\" formControlName=\"firstName\">\n                </mat-form-field>\n                <mat-form-field class=\"flex\">\n                    <input matInput placeholder=\"Last name\" formControlName=\"lastName\">\n                </mat-form-field>\n                <mat-form-field class=\"flex\">\n                    <input matInput placeholder=\"Email\" formControlName=\"email\">\n                </mat-form-field>\n                <mat-form-field class=\"flex\">\n                    <input matInput placeholder=\"Password\" formControlName=\"password\">\n                </mat-form-field>\n            </mat-card-content>\n            <button mat-raised-button color=\"primary\" type=\"submit\" [disabled]=\"form.invalid\">Submit</button>\n            <span *ngIf=\"onError\" class=\"error ml2\">An error occurred</span>\n        </form>\n    </mat-card>\n</div>\n"
      ],
      "mappings": "AACA,SAAsBA,UAAU,QAAQ,gBAAgB;;;;;;;;;;;;ICoB5CC,EAAA,CAAAC,cAAA,eAAwC;IAAAD,EAAA,CAAAE,MAAA,wBAAiB;IAAAF,EAAA,CAAAG,YAAA,EAAO;;;ADT5E,WAAaC,iBAAiB;EAAxB,MAAOA,iBAAiB;IAsC5BC,YAAoBC,WAAwB,EACxBC,EAAe,EACfC,MAAc;MAFd,KAAAF,WAAW,GAAXA,WAAW;MACX,KAAAC,EAAE,GAAFA,EAAE;MACF,KAAAC,MAAM,GAANA,MAAM;MAtCnB,KAAAC,OAAO,GAAG,KAAK;MAEf,KAAAC,IAAI,GAAG,IAAI,CAACH,EAAE,CAACI,KAAK,CAAC;QAC1BC,KAAK,EAAE,CACL,EAAE,EACF,CACEb,UAAU,CAACc,QAAQ,EACnBd,UAAU,CAACa,KAAK,CACjB,CACF;QACDE,SAAS,EAAE,CACT,EAAE,EACF,CACEf,UAAU,CAACc,QAAQ,EACnBd,UAAU,CAACgB,GAAG,CAAC,CAAC,CAAC,EACjBhB,UAAU,CAACiB,GAAG,CAAC,EAAE,CAAC,CACnB,CACF;QACDC,QAAQ,EAAE,CACR,EAAE,EACF,CACElB,UAAU,CAACc,QAAQ,EACnBd,UAAU,CAACgB,GAAG,CAAC,CAAC,CAAC,EACjBhB,UAAU,CAACiB,GAAG,CAAC,EAAE,CAAC,CACnB,CACF;QACDE,QAAQ,EAAE,CACR,EAAE,EACF,CACEnB,UAAU,CAACc,QAAQ,EACnBd,UAAU,CAACgB,GAAG,CAAC,CAAC,CAAC,EACjBhB,UAAU,CAACiB,GAAG,CAAC,EAAE,CAAC,CACnB;OAEJ,CAAC;IAKF;IAEOG,MAAMA,CAAA;MACX,MAAMC,eAAe,GAAG,IAAI,CAACV,IAAI,CAACW,KAAwB;MAC1D,IAAI,CAACf,WAAW,CAACgB,QAAQ,CAACF,eAAe,CAAC,CAACG,SAAS,CAAC;QACjDC,IAAI,EAAGC,CAAO,IAAK,IAAI,CAACjB,MAAM,CAACkB,QAAQ,CAAC,CAAC,QAAQ,CAAC,CAAC;QACnDC,KAAK,EAAEF,CAAC,IAAI,IAAI,CAAChB,OAAO,GAAG;OAC5B,CACF;IACH;;;yCAlDWL,iBAAiB,EAAAJ,EAAA,CAAA4B,iBAAA,CAAAC,EAAA,CAAAC,WAAA,GAAA9B,EAAA,CAAA4B,iBAAA,CAAAG,EAAA,CAAAC,WAAA,GAAAhC,EAAA,CAAA4B,iBAAA,CAAAK,EAAA,CAAAC,MAAA;MAAA;IAAA;;;cAAjB9B,iBAAiB;QAAA+B,SAAA;QAAAC,UAAA;QAAAC,KAAA;QAAAC,IAAA;QAAAC,MAAA;QAAAC,QAAA,WAAAC,2BAAAC,EAAA,EAAAC,GAAA;UAAA,IAAAD,EAAA;YCTlB1C,EAHZ,CAAAC,cAAA,aAA6C,eAC/B,yBACiC,qBACnB;YAAAD,EAAA,CAAAE,MAAA,eAAQ;YAC5BF,EAD4B,CAAAG,YAAA,EAAiB,EAC3B;YAClBH,EAAA,CAAAC,cAAA,cAAqE;YAAtBD,EAAA,CAAA4C,UAAA,sBAAAC,oDAAA;cAAA,OAAYF,GAAA,CAAAxB,MAAA,EAAQ;YAAA,EAAC;YAE5DnB,EADJ,CAAAC,cAAA,0BAAsC,wBACL;YACzBD,EAAA,CAAA8C,SAAA,eAAqE;YACzE9C,EAAA,CAAAG,YAAA,EAAiB;YACjBH,EAAA,CAAAC,cAAA,wBAA6B;YACzBD,EAAA,CAAA8C,SAAA,gBAAmE;YACvE9C,EAAA,CAAAG,YAAA,EAAiB;YACjBH,EAAA,CAAAC,cAAA,yBAA6B;YACzBD,EAAA,CAAA8C,SAAA,gBAA4D;YAChE9C,EAAA,CAAAG,YAAA,EAAiB;YACjBH,EAAA,CAAAC,cAAA,yBAA6B;YACzBD,EAAA,CAAA8C,SAAA,gBAAkE;YAE1E9C,EADI,CAAAG,YAAA,EAAiB,EACF;YACnBH,EAAA,CAAAC,cAAA,iBAAkF;YAAAD,EAAA,CAAAE,MAAA,cAAM;YAAAF,EAAA,CAAAG,YAAA,EAAS;YACjGH,EAAA,CAAA+C,UAAA,KAAAC,kCAAA,mBAAwC;YAGpDhD,EAFQ,CAAAG,YAAA,EAAO,EACA,EACT;;;YAnB8BH,EAAA,CAAAiD,SAAA,GAAkB;YAAlBjD,EAAA,CAAAkD,UAAA,cAAAP,GAAA,CAAAjC,IAAA,CAAkB;YAecV,EAAA,CAAAiD,SAAA,IAAyB;YAAzBjD,EAAA,CAAAkD,UAAA,aAAAP,GAAA,CAAAjC,IAAA,CAAAyC,OAAA,CAAyB;YAC1EnD,EAAA,CAAAiD,SAAA,GAAa;YAAbjD,EAAA,CAAAkD,UAAA,SAAAP,GAAA,CAAAlC,OAAA,CAAa;;;;;;;;SDTnBL,iBAAiB;AAAA",
      "ignoreList": []
    },
    "_coverageSchema": "1a1c01bbd47fc00a2c39e90264f33305004495a9",
    "hash": "2326e272428300bbc59af68027d440d01d73eab7"
  },
  "/home/alyssa/Testez-Une-application-fullstack/front/src/app/features/auth/auth-routing.module.ts": {
    "path": "/home/alyssa/Testez-Une-application-fullstack/front/src/app/features/auth/auth-routing.module.ts",
    "statementMap": {
      "0": {
        "start": {
          "line": 6,
          "column": 15
        },
        "end": {
          "line": 14,
          "column": 2
        }
      },
      "1": {
        "start": {
          "line": 15,
          "column": 44
        },
        "end": {
          "line": 34,
          "column": 4
        }
      },
      "2": {
        "start": {
          "line": 18,
          "column": 6
        },
        "end": {
          "line": 20,
          "column": 8
        }
      },
      "3": {
        "start": {
          "line": 19,
          "column": 8
        },
        "end": {
          "line": 19,
          "column": 62
        }
      },
      "4": {
        "start": {
          "line": 23,
          "column": 6
        },
        "end": {
          "line": 25,
          "column": 9
        }
      },
      "5": {
        "start": {
          "line": 28,
          "column": 6
        },
        "end": {
          "line": 30,
          "column": 9
        }
      },
      "6": {
        "start": {
          "line": 33,
          "column": 2
        },
        "end": {
          "line": 33,
          "column": 27
        }
      }
    },
    "fnMap": {
      "0": {
        "name": "(anonymous_0)",
        "decl": {
          "start": {
            "line": 15,
            "column": 45
          },
          "end": {
            "line": 15,
            "column": 46
          }
        },
        "loc": {
          "start": {
            "line": 15,
            "column": 51
          },
          "end": {
            "line": 34,
            "column": 1
          }
        },
        "line": 15
      },
      "1": {
        "name": "AuthRoutingModule_Factory",
        "decl": {
          "start": {
            "line": 18,
            "column": 27
          },
          "end": {
            "line": 18,
            "column": 52
          }
        },
        "loc": {
          "start": {
            "line": 18,
            "column": 72
          },
          "end": {
            "line": 20,
            "column": 7
          }
        },
        "line": 18
      }
    },
    "branchMap": {
      "0": {
        "loc": {
          "start": {
            "line": 19,
            "column": 20
          },
          "end": {
            "line": 19,
            "column": 58
          }
        },
        "type": "binary-expr",
        "locations": [
          {
            "start": {
              "line": 19,
              "column": 20
            },
            "end": {
              "line": 19,
              "column": 37
            }
          },
          {
            "start": {
              "line": 19,
              "column": 41
            },
            "end": {
              "line": 19,
              "column": 58
            }
          }
        ],
        "line": 19
      }
    },
    "s": {
      "0": 1,
      "1": 1,
      "2": 1,
      "3": 1,
      "4": 1,
      "5": 1,
      "6": 1
    },
    "f": {
      "0": 1,
      "1": 1
    },
    "b": {
      "0": [
        1,
        1
      ]
    },
    "inputSourceMap": {
      "version": 3,
      "names": [
        "RouterModule",
        "LoginComponent",
        "RegisterComponent",
        "routes",
        "title",
        "path",
        "component",
        "AuthRoutingModule",
        "forChild"
      ],
      "sources": [
        "/home/alyssa/Testez-Une-application-fullstack/front/src/app/features/auth/auth-routing.module.ts"
      ],
      "sourcesContent": [
        "import { NgModule } from '@angular/core';\nimport { RouterModule, Routes } from '@angular/router';\nimport { LoginComponent } from './components/login/login.component';\nimport { RegisterComponent } from './components/register/register.component';\n\n\nconst routes: Routes = [\n  { title: 'Login', path: 'login', component: LoginComponent },\n  { title: 'Register', path: 'register', component: RegisterComponent }\n];\n\n@NgModule({\n  imports: [RouterModule.forChild(routes)],\n  exports: [RouterModule]\n})\nexport class AuthRoutingModule { }\n"
      ],
      "mappings": "AACA,SAASA,YAAY,QAAgB,iBAAiB;AACtD,SAASC,cAAc,QAAQ,oCAAoC;AACnE,SAASC,iBAAiB,QAAQ,0CAA0C;;;AAG5E,MAAMC,MAAM,GAAW,CACrB;EAAEC,KAAK,EAAE,OAAO;EAAEC,IAAI,EAAE,OAAO;EAAEC,SAAS,EAAEL;AAAc,CAAE,EAC5D;EAAEG,KAAK,EAAE,UAAU;EAAEC,IAAI,EAAE,UAAU;EAAEC,SAAS,EAAEJ;AAAiB,CAAE,CACtE;AAMD,WAAaK,iBAAiB;EAAxB,MAAOA,iBAAiB;;;yCAAjBA,iBAAiB;MAAA;IAAA;;;cAAjBA;MAAiB;IAAA;;;kBAHlBP,YAAY,CAACQ,QAAQ,CAACL,MAAM,CAAC,EAC7BH,YAAY;MAAA;IAAA;;SAEXO,iBAAiB;AAAA",
      "ignoreList": []
    },
    "_coverageSchema": "1a1c01bbd47fc00a2c39e90264f33305004495a9",
    "hash": "94d2599dfbf4b296892633948a266744ee39a1e5"
  },
  "/home/alyssa/Testez-Une-application-fullstack/front/src/app/features/auth/auth.module.ts": {
    "path": "/home/alyssa/Testez-Une-application-fullstack/front/src/app/features/auth/auth.module.ts",
    "statementMap": {
      "0": {
        "start": {
          "line": 11,
          "column": 24
        },
        "end": {
          "line": 11,
          "column": 107
        }
      },
      "1": {
        "start": {
          "line": 12,
          "column": 37
        },
        "end": {
          "line": 31,
          "column": 4
        }
      },
      "2": {
        "start": {
          "line": 15,
          "column": 6
        },
        "end": {
          "line": 17,
          "column": 8
        }
      },
      "3": {
        "start": {
          "line": 16,
          "column": 8
        },
        "end": {
          "line": 16,
          "column": 55
        }
      },
      "4": {
        "start": {
          "line": 20,
          "column": 6
        },
        "end": {
          "line": 22,
          "column": 9
        }
      },
      "5": {
        "start": {
          "line": 25,
          "column": 6
        },
        "end": {
          "line": 27,
          "column": 9
        }
      },
      "6": {
        "start": {
          "line": 30,
          "column": 2
        },
        "end": {
          "line": 30,
          "column": 20
        }
      }
    },
    "fnMap": {
      "0": {
        "name": "(anonymous_0)",
        "decl": {
          "start": {
            "line": 12,
            "column": 38
          },
          "end": {
            "line": 12,
            "column": 39
          }
        },
        "loc": {
          "start": {
            "line": 12,
            "column": 44
          },
          "end": {
            "line": 31,
            "column": 1
          }
        },
        "line": 12
      },
      "1": {
        "name": "AuthModule_Factory",
        "decl": {
          "start": {
            "line": 15,
            "column": 27
          },
          "end": {
            "line": 15,
            "column": 45
          }
        },
        "loc": {
          "start": {
            "line": 15,
            "column": 65
          },
          "end": {
            "line": 17,
            "column": 7
          }
        },
        "line": 15
      }
    },
    "branchMap": {
      "0": {
        "loc": {
          "start": {
            "line": 16,
            "column": 20
          },
          "end": {
            "line": 16,
            "column": 51
          }
        },
        "type": "binary-expr",
        "locations": [
          {
            "start": {
              "line": 16,
              "column": 20
            },
            "end": {
              "line": 16,
              "column": 37
            }
          },
          {
            "start": {
              "line": 16,
              "column": 41
            },
            "end": {
              "line": 16,
              "column": 51
            }
          }
        ],
        "line": 16
      }
    },
    "s": {
      "0": 1,
      "1": 1,
      "2": 1,
      "3": 1,
      "4": 1,
      "5": 1,
      "6": 1
    },
    "f": {
      "0": 1,
      "1": 1
    },
    "b": {
      "0": [
        1,
        1
      ]
    },
    "inputSourceMap": {
      "version": 3,
      "names": [
        "CommonModule",
        "AuthRoutingModule",
        "MatCardModule",
        "MatFormFieldModule",
        "MatButtonModule",
        "MatInputModule",
        "FlexLayoutModule",
        "FormsModule",
        "ReactiveFormsModule",
        "MatIconModule",
        "materialModules",
        "AuthModule"
      ],
      "sources": [
        "/home/alyssa/Testez-Une-application-fullstack/front/src/app/features/auth/auth.module.ts"
      ],
      "sourcesContent": [
        "import { NgModule } from '@angular/core';\nimport { CommonModule } from '@angular/common';\nimport { AuthRoutingModule } from './auth-routing.module';\nimport { RegisterComponent } from './components/register/register.component';\nimport { LoginComponent } from './components/login/login.component';\nimport { MatCardModule } from '@angular/material/card';\nimport { MatFormFieldModule } from '@angular/material/form-field';\nimport { MatButtonModule } from '@angular/material/button';\nimport { MatInputModule } from '@angular/material/input';\nimport { FlexLayoutModule } from '@angular/flex-layout';\nimport { FormsModule, ReactiveFormsModule } from '@angular/forms';\nimport { MatIconModule } from '@angular/material/icon';\n\nconst materialModules = [\n  MatButtonModule,\n  MatCardModule,\n  MatFormFieldModule,\n  MatIconModule,\n  MatInputModule\n]\n\n@NgModule({\n  declarations: [\n    RegisterComponent,\n    LoginComponent\n  ],\n  imports: [\n    AuthRoutingModule,\n    CommonModule,\n    FlexLayoutModule,\n    FormsModule,\n    ReactiveFormsModule,\n    ...materialModules\n  ]\n})\nexport class AuthModule { }\n"
      ],
      "mappings": "AACA,SAASA,YAAY,QAAQ,iBAAiB;AAC9C,SAASC,iBAAiB,QAAQ,uBAAuB;AAGzD,SAASC,aAAa,QAAQ,wBAAwB;AACtD,SAASC,kBAAkB,QAAQ,8BAA8B;AACjE,SAASC,eAAe,QAAQ,0BAA0B;AAC1D,SAASC,cAAc,QAAQ,yBAAyB;AACxD,SAASC,gBAAgB,QAAQ,sBAAsB;AACvD,SAASC,WAAW,EAAEC,mBAAmB,QAAQ,gBAAgB;AACjE,SAASC,aAAa,QAAQ,wBAAwB;;AAEtD,MAAMC,eAAe,GAAG,CACtBN,eAAe,EACfF,aAAa,EACbC,kBAAkB,EAClBM,aAAa,EACbJ,cAAc,CACf;AAgBD,WAAaM,UAAU;EAAjB,MAAOA,UAAU;;;yCAAVA,UAAU;MAAA;IAAA;;;cAAVA;MAAU;IAAA;;;kBARnBV,iBAAiB,EACjBD,YAAY,EACZM,gBAAgB,EAChBC,WAAW,EACXC,mBAAmB,EAChBE,eAAe;MAAA;IAAA;;SAGTC,UAAU;AAAA",
      "ignoreList": []
    },
    "_coverageSchema": "1a1c01bbd47fc00a2c39e90264f33305004495a9",
    "hash": "b907931795cb4c01c95b2eb3cf47895e7ccb4465"
  }
}